<?xml version="1.0" encoding="windows-1252" standalone="no"?>
<!DOCTYPE log SYSTEM "logger.dtd">
<log>
<record>
  <date>2020-10-08T04:42:02</date>
  <millis>1602128522278</millis>
  <sequence>0</sequence>
  <logger>org.uma.jmetal.util.JMetalLogger</logger>
  <level>INFO</level>
  <class>org.uma.jmetal.util.JMetalLogger</class>
  <method>configureLoggers</method>
  <thread>1</thread>
  <message>Loggers configured with null</message>
</record>
<record>
  <date>2020-10-08T04:42:02</date>
  <millis>1602128522349</millis>
  <sequence>1</sequence>
  <logger>org.uma.jmetal.util.JMetalLogger</logger>
  <level>INFO</level>
  <class>org.uma.jmetal.util.evaluator.impl.MultithreadedSolutionListEvaluator</class>
  <method>&lt;init&gt;</method>
  <thread>1</thread>
  <message>Number of cores: 2</message>
</record>
<record>
  <date>2020-10-08T04:42:02</date>
  <millis>1602128522354</millis>
  <sequence>2</sequence>
  <logger>org.uma.jmetal.util.JMetalLogger</logger>
  <level>INFO</level>
  <class>org.uma.jmetal.util.evaluator.impl.MultithreadedSolutionListEvaluator</class>
  <method>&lt;init&gt;</method>
  <thread>1</thread>
  <message>Number of cores: 2</message>
</record>
<record>
  <date>2020-10-08T04:42:02</date>
  <millis>1602128522383</millis>
  <sequence>3</sequence>
  <logger>org.uma.jmetal.util.JMetalLogger</logger>
  <level>INFO</level>
  <class>org.uma.jmetal.util.evaluator.impl.MultithreadedSolutionListEvaluator</class>
  <method>&lt;init&gt;</method>
  <thread>1</thread>
  <message>Number of cores: 2</message>
</record>
</log>
